Removed Pin From Net: NetName=NetD2_1 Pin=D2-1
Removed Pin From Net: NetName=GND Pin=D2-3
Removed Pin From Net: NetName=NetD3_1 Pin=D3-1
Removed Pin From Net: NetName=GND Pin=D3-3
Removed Member From Class: ClassName=Sheet1 Member=D2
Removed Member From Class: ClassName=Sheet1 Member=D3
Change Component Footprint: Designator=Q2 Old Footprint=TO220 New Footprint=TO254P1036X470X1965-3
Change Component Footprint: Designator=Q3 Old Footprint=TO220 New Footprint=TO254P1036X470X1965-3
Change Component Comment : Designator=Q1 Old Comment=ECW20P20 New Comment=MOSFET-P
Change Component Comment : Designator=Q4 Old Comment=ECW20P20 New Comment=MOSFET-P
Change component parameters: Designator = "Q2" ("Q2"); Footprint = "TO220"; UniqueID = "\YWYQCUIQ" ("\YWYQCUIQ")
Change component parameters (AddParameter): Name = "Availability"; Value = "In Stock"; VariantName = "[No Variations]"
Change component parameters (AddParameter): Name = "Check_prices"; Value = "https://www.snapeda.com/parts/CSD19503KCS/Texas+Instruments/view-part/?ref=eda"; VariantName = "[No Variations]"
Change component parameters (AddParameter): Name = "MF"; Value = "Texas Instruments"; VariantName = "[No Variations]"
Change component parameters (AddParameter): Name = "MP"; Value = "CSD19503KCS"; VariantName = "[No Variations]"
Change component parameters (AddParameter): Name = "Package"; Value = "TO-220-3 Texas Instruments"; VariantName = "[No Variations]"
Change component parameters (AddParameter): Name = "Price"; Value = "None"; VariantName = "[No Variations]"
Change component parameters (AddParameter): Name = "Purchase-URL"; Value = "https://pricing.snapeda.com/search/part/CSD19503KCS/?ref=eda"; VariantName = "[No Variations]"
Change component parameters (AddParameter): Name = "SnapEDA_Link"; Value = "https://www.snapeda.com/parts/CSD19503KCS/Texas+Instruments/view-part/?ref=snap"; VariantName = "[No Variations]"
Change component parameters (AddParameter): Name = "Value"; Value = ""; VariantName = "[No Variations]"
Change component parameters: Designator = "Q3" ("Q3"); Footprint = "TO220"; UniqueID = "\XIDXIJZT" ("\XIDXIJZT")
Change component parameters (AddParameter): Name = "Availability"; Value = "In Stock"; VariantName = "[No Variations]"
Change component parameters (AddParameter): Name = "Check_prices"; Value = "https://www.snapeda.com/parts/CSD19503KCS/Texas+Instruments/view-part/?ref=eda"; VariantName = "[No Variations]"
Change component parameters (AddParameter): Name = "MF"; Value = "Texas Instruments"; VariantName = "[No Variations]"
Change component parameters (AddParameter): Name = "MP"; Value = "CSD19503KCS"; VariantName = "[No Variations]"
Change component parameters (AddParameter): Name = "Package"; Value = "TO-220-3 Texas Instruments"; VariantName = "[No Variations]"
Change component parameters (AddParameter): Name = "Price"; Value = "None"; VariantName = "[No Variations]"
Change component parameters (AddParameter): Name = "Purchase-URL"; Value = "https://pricing.snapeda.com/search/part/CSD19503KCS/?ref=eda"; VariantName = "[No Variations]"
Change component parameters (AddParameter): Name = "SnapEDA_Link"; Value = "https://www.snapeda.com/parts/CSD19503KCS/Texas+Instruments/view-part/?ref=snap"; VariantName = "[No Variations]"
Change component parameters (AddParameter): Name = "Value"; Value = ""; VariantName = "[No Variations]"
Change Net Name : Old Net Name=NetD2_1 New Net Name=NetM terminal_2
Change Net Name : Old Net Name=NetD3_1 New Net Name=NetM terminal_1
