Removed Pin From Net: NetName=NetD1_1 Pin=D1-1
Removed Pin From Net: NetName=+12 Pin=D1-2
Removed Pin From Net: NetName=GND Pin=D2-1
Removed Pin From Net: NetName=NetD1_1 Pin=D2-2
Removed Pin From Net: NetName=GND Pin=D3-1
Removed Pin From Net: NetName=NetD3_2 Pin=D3-2
Removed Pin From Net: NetName=NetD3_2 Pin=D4-1
Removed Pin From Net: NetName=+12 Pin=D4-2
Removed Pin From Net: NetName=NetD1_1 Pin=D5-1
Removed Pin From Net: NetName=NetD3_2 Pin=D5-2
Removed Pin From Net: NetName=NetD3_2 Pin=D6-1
Removed Pin From Net: NetName=NetD1_1 Pin=D6-2
Removed Pin From Net: NetName=GND Pin=R 01-1
Removed Pin From Net: NetName=NetQ3_2 Pin=R 01-2
Removed Pin From Net: NetName=NetQ1_2 Pin=R02-1
Removed Pin From Net: NetName=+12 Pin=R02-2
Removed Pin From Net: NetName=NetQ4_2 Pin=R03-1
Removed Pin From Net: NetName=+12 Pin=R03-2
Removed Member From Class: ClassName=Sheet1 Member=D3
Removed Member From Class: ClassName=Sheet1 Member=D5
Removed Member From Class: ClassName=Sheet1 Member=D6
Removed Member From Class: ClassName=Sheet1 Member=R 01
Removed Member From Class: ClassName=Sheet1 Member=R02
Removed Member From Class: ClassName=Sheet1 Member=R03
Added Component: Designator=D1(SMC)
Add component (AddParameter): Name = "Code_JEDEC"; Value = "DO-214-AB"; VariantName = "[No Variations]"
Add component (AddParameter): Name = "LatestRevisionDate"; Value = "17-Jul-2002"; VariantName = "[No Variations]"
Add component (AddParameter): Name = "LatestRevisionNote"; Value = "Re-released for DXP Platform."; VariantName = "[No Variations]"
Add component (AddParameter): Name = "PackageDescription"; Value = "DO-214-AB/SMC; 2 C-Bend Leads; Body 7.9 x 5.9 mm, inc. leads (LxW)"; VariantName = "[No Variations]"
Add component (AddParameter): Name = "PackageReference"; Value = "SMC"; VariantName = "[No Variations]"
Add component (AddParameter): Name = "PackageVersion"; Value = "Sep-1996"; VariantName = "[No Variations]"
Add component (AddParameter): Name = "Published"; Value = "8-Jun-2000"; VariantName = "[No Variations]"
Add component (AddParameter): Name = "Publisher"; Value = "Altium Limited"; VariantName = "[No Variations]"
Added Component: Designator=D2(SMC)
Add component (AddParameter): Name = "Code_JEDEC"; Value = "DO-214-AB"; VariantName = "[No Variations]"
Add component (AddParameter): Name = "LatestRevisionDate"; Value = "17-Jul-2002"; VariantName = "[No Variations]"
Add component (AddParameter): Name = "LatestRevisionNote"; Value = "Re-released for DXP Platform."; VariantName = "[No Variations]"
Add component (AddParameter): Name = "PackageDescription"; Value = "DO-214-AB/SMC; 2 C-Bend Leads; Body 7.9 x 5.9 mm, inc. leads (LxW)"; VariantName = "[No Variations]"
Add component (AddParameter): Name = "PackageReference"; Value = "SMC"; VariantName = "[No Variations]"
Add component (AddParameter): Name = "PackageVersion"; Value = "Sep-1996"; VariantName = "[No Variations]"
Add component (AddParameter): Name = "Published"; Value = "8-Jun-2000"; VariantName = "[No Variations]"
Add component (AddParameter): Name = "Publisher"; Value = "Altium Limited"; VariantName = "[No Variations]"
Added Component: Designator=D4(SMC)
Add component (AddParameter): Name = "Code_JEDEC"; Value = "DO-214-AB"; VariantName = "[No Variations]"
Add component (AddParameter): Name = "LatestRevisionDate"; Value = "17-Jul-2002"; VariantName = "[No Variations]"
Add component (AddParameter): Name = "LatestRevisionNote"; Value = "Re-released for DXP Platform."; VariantName = "[No Variations]"
Add component (AddParameter): Name = "PackageDescription"; Value = "DO-214-AB/SMC; 2 C-Bend Leads; Body 7.9 x 5.9 mm, inc. leads (LxW)"; VariantName = "[No Variations]"
Add component (AddParameter): Name = "PackageReference"; Value = "SMC"; VariantName = "[No Variations]"
Add component (AddParameter): Name = "PackageVersion"; Value = "Sep-1996"; VariantName = "[No Variations]"
Add component (AddParameter): Name = "Published"; Value = "8-Jun-2000"; VariantName = "[No Variations]"
Add component (AddParameter): Name = "Publisher"; Value = "Altium Limited"; VariantName = "[No Variations]"
Added Component: Designator=D?(SMC)
Add component (AddParameter): Name = "Code_JEDEC"; Value = "DO-214-AB"; VariantName = "[No Variations]"
Add component (AddParameter): Name = "LatestRevisionDate"; Value = "17-Jul-2002"; VariantName = "[No Variations]"
Add component (AddParameter): Name = "LatestRevisionNote"; Value = "Re-released for DXP Platform."; VariantName = "[No Variations]"
Add component (AddParameter): Name = "PackageDescription"; Value = "DO-214-AB/SMC; 2 C-Bend Leads; Body 7.9 x 5.9 mm, inc. leads (LxW)"; VariantName = "[No Variations]"
Add component (AddParameter): Name = "PackageReference"; Value = "SMC"; VariantName = "[No Variations]"
Add component (AddParameter): Name = "PackageVersion"; Value = "Sep-1996"; VariantName = "[No Variations]"
Add component (AddParameter): Name = "Published"; Value = "8-Jun-2000"; VariantName = "[No Variations]"
Add component (AddParameter): Name = "Publisher"; Value = "Altium Limited"; VariantName = "[No Variations]"
Added Pin To Net: NetName=NetD1_1 Pin=D1-1
Added Pin To Net: NetName=+12 Pin=D1-2
Added Pin To Net: NetName=GND Pin=D2-1
Added Pin To Net: NetName=NetD1_1 Pin=D2-2
Added Pin To Net: NetName=NetD3_2 Pin=D4-1
Added Pin To Net: NetName=+12 Pin=D4-2
Added Pin To Net: NetName=GND Pin=D?-1
Added Pin To Net: NetName=NetD3_2 Pin=D?-2
Change Net Name : Old Net Name=NetD3_2 New Net Name=NetD4_1
Added Member To Class: ClassName=Sheet1 Member=Component D? Diode
