Removed Pin From Net: NetName=+12 Pin=D1-1
Removed Pin From Net: NetName=NetD1_3 Pin=D1-3
Removed Pin From Net: NetName=+12 Pin=D4-1
Removed Pin From Net: NetName=NetD3_1 Pin=D4-3
Removed Pin From Net: NetName=+12 Pin=Q1-1
Removed Pin From Net: NetName=NetD1_3 Pin=Q1-3
Removed Pin From Net: NetName=NetD3_1 Pin=Q4-1
Removed Pin From Net: NetName=+12 Pin=Q4-3
Removed Member From Class: ClassName=Sheet1 Member=D1
Removed Member From Class: ClassName=Sheet1 Member=D4
Removed Member From Class: ClassName=Sheet1 Member=Q1
Removed Member From Class: ClassName=Sheet1 Member=Q4
Added Component: Designator=Q?(TO545P2000X491X2918-3)
Add component (AddParameter): Name = "Availability"; Value = "Unavailable"; VariantName = "[No Variations]"
Add component (AddParameter): Name = "MF"; Value = ""; VariantName = "[No Variations]"
Add component (AddParameter): Name = "MP"; Value = "ECW20P20"; VariantName = "[No Variations]"
Add component (AddParameter): Name = "Package"; Value = "None"; VariantName = "[No Variations]"
Add component (AddParameter): Name = "Price"; Value = "None"; VariantName = "[No Variations]"
Add component (AddParameter): Name = "Value"; Value = ""; VariantName = "[No Variations]"
Added Component: Designator=Q?(TO545P2000X491X2918-3)
Add component (AddParameter): Name = "Availability"; Value = "Unavailable"; VariantName = "[No Variations]"
Add component (AddParameter): Name = "MF"; Value = ""; VariantName = "[No Variations]"
Add component (AddParameter): Name = "MP"; Value = "ECW20P20"; VariantName = "[No Variations]"
Add component (AddParameter): Name = "Package"; Value = "None"; VariantName = "[No Variations]"
Add component (AddParameter): Name = "Price"; Value = "None"; VariantName = "[No Variations]"
Add component (AddParameter): Name = "Value"; Value = ""; VariantName = "[No Variations]"
Added Pin To Net: NetName=+12 Pin=Q?-2
Added Pin To Net: NetName=NetD3_1 Pin=Q?-2
Added Pin To Net: NetName=+12 Pin=Q?-3
Added Pin To Net: NetName=NetD1_3 Pin=Q?-3
Change Net Name : Old Net Name=NetD1_3 New Net Name=NetD2_1
Added Pin To Net: NetName=NetQ?_1 Pin=Q?-1
Added Pin To Net: NetName=NetQ?_1 Pin=R2-1
Added Net: Name=NetQ?_1
Add Net: Net with name "NetQ?_1" already exists
Added Member To Class: ClassName=Sheet1 Member=Component Q? ECW20P20
Added Member To Class: ClassName=Sheet1 Member=Component Q? ECW20P20
