Removed Pin From Net: NetName=+12 Pin=D1-1
Removed Pin From Net: NetName=NetD1_3 Pin=D1-3
Removed Pin From Net: NetName=+12 Pin=D4-1
Removed Pin From Net: NetName=NetD3_1 Pin=D4-3
Removed Pin From Net: NetName=+12 Pin=Q1-1
Removed Pin From Net: NetName=NetD3_1 Pin=Q4-1
Change Component Footprint: Designator=Q1 Old Footprint=E3 New Footprint=TO545P2000X491X2918-3
Change Component Footprint: Designator=Q4 Old Footprint=E3 New Footprint=TO545P2000X491X2918-3
Change Component Comment : Designator=Q1 Old Comment=MOSFET-P New Comment=ECW20P20
Change Component Comment : Designator=Q4 Old Comment=MOSFET-P New Comment=ECW20P20
Change component parameters: Designator = "Q1" ("Q1"); Footprint = "E3"; UniqueID = "\PYXCRQIM" ("\PYXCRQIM")
Change component parameters (AddParameter): Name = "Availability"; Value = "Unavailable"; VariantName = "[No Variations]"
Change component parameters (AddParameter): Name = "MF"; Value = ""; VariantName = "[No Variations]"
Change component parameters (AddParameter): Name = "MP"; Value = "ECW20P20"; VariantName = "[No Variations]"
Change component parameters (AddParameter): Name = "Package"; Value = "None"; VariantName = "[No Variations]"
Change component parameters (AddParameter): Name = "Price"; Value = "None"; VariantName = "[No Variations]"
Change component parameters (AddParameter): Name = "Value"; Value = ""; VariantName = "[No Variations]"
Change component parameters: Designator = "Q4" ("Q4"); Footprint = "E3"; UniqueID = "\IDZCUQNZ" ("\IDZCUQNZ")
Change component parameters (AddParameter): Name = "Availability"; Value = "Unavailable"; VariantName = "[No Variations]"
Change component parameters (AddParameter): Name = "MF"; Value = ""; VariantName = "[No Variations]"
Change component parameters (AddParameter): Name = "MP"; Value = "ECW20P20"; VariantName = "[No Variations]"
Change component parameters (AddParameter): Name = "Package"; Value = "None"; VariantName = "[No Variations]"
Change component parameters (AddParameter): Name = "Price"; Value = "None"; VariantName = "[No Variations]"
Change component parameters (AddParameter): Name = "Value"; Value = ""; VariantName = "[No Variations]"
Added Pin To Net: NetName=+12 Pin=Q1-2
Added Pin To Net: NetName=NetD3_1 Pin=Q4-2
Change Net Name : Old Net Name=NetD1_3 New Net Name=NetD2_1
Added Pin To Net: NetName=NetQ1_1 Pin=Q1-1
Added Pin To Net: NetName=NetQ1_1 Pin=R2-1
Added Net: Name=NetQ1_1
Added Pin To Net: NetName=NetQ4_1 Pin=Q4-1
Added Pin To Net: NetName=NetQ4_1 Pin=R3-1
Added Net: Name=NetQ4_1
